<?xml version="1.0" encoding="UTF-8"?>
<!-- Generated by org.testng.reporters.JUnitXMLReporter -->
<testsuite hostname="hp" ignored="0" name="Command line test" tests="4" failures="0" timestamp="2022-03-15T22:09:15 IST" time="0.091" errors="0">
  <testcase name="appium" time="0.009" classname="qaclick.mavenone.AppiumTest"/>
  <testcase name="nonappium" time="0.0" classname="qaclick.mavenone.AppiumTest"/>
  <testcase name="delAPI" time="0.0" classname="qaclick.mavenone.RESTAPITest"/>
  <testcase name="postJira" time="0.001" classname="qaclick.mavenone.RESTAPITest"/>
</testsuite> <!-- Command line test -->
