<?xml version="1.0" encoding="UTF-8"?>
<testng-results skipped="0" failed="0" ignored="0" total="4" passed="4">
  <reporter-output>
  </reporter-output>
  <suite name="Command line suite" duration-ms="91" started-at="2022-03-15T22:09:15 IST" finished-at="2022-03-15T22:09:15 IST">
    <groups>
    </groups>
    <test name="Command line test" duration-ms="91" started-at="2022-03-15T22:09:15 IST" finished-at="2022-03-15T22:09:15 IST">
      <class name="qaclick.mavenone.AppiumTest">
        <test-method status="PASS" signature="appium()[pri:0, instance:qaclick.mavenone.AppiumTest@210366b4]" name="appium" duration-ms="9" started-at="2022-03-15T22:09:15 IST" finished-at="2022-03-15T22:09:15 IST">
          <reporter-output>
          </reporter-output>
        </test-method> <!-- appium -->
        <test-method status="PASS" signature="nonappium()[pri:0, instance:qaclick.mavenone.AppiumTest@210366b4]" name="nonappium" duration-ms="0" started-at="2022-03-15T22:09:15 IST" finished-at="2022-03-15T22:09:15 IST">
          <reporter-output>
          </reporter-output>
        </test-method> <!-- nonappium -->
      </class> <!-- qaclick.mavenone.AppiumTest -->
      <class name="qaclick.mavenone.RESTAPITest">
        <test-method status="PASS" signature="delAPI()[pri:0, instance:qaclick.mavenone.RESTAPITest@6325a3ee]" name="delAPI" duration-ms="0" started-at="2022-03-15T22:09:15 IST" finished-at="2022-03-15T22:09:15 IST">
          <reporter-output>
          </reporter-output>
        </test-method> <!-- delAPI -->
        <test-method status="PASS" signature="postJira()[pri:0, instance:qaclick.mavenone.RESTAPITest@6325a3ee]" name="postJira" duration-ms="1" started-at="2022-03-15T22:09:15 IST" finished-at="2022-03-15T22:09:15 IST">
          <reporter-output>
          </reporter-output>
        </test-method> <!-- postJira -->
      </class> <!-- qaclick.mavenone.RESTAPITest -->
    </test> <!-- Command line test -->
  </suite> <!-- Command line suite -->
</testng-results>
